WARNING - 2023-08-15 03:28:57 --> [DEPRECATED] Creation of dynamic property App\Controllers\Login::$userlogin is deprecated in APPPATH\Controllers\Login.php on line 13.
 1 SYSTEMPATH\CodeIgniter.php(906): App\Controllers\Login->__construct()
 2 SYSTEMPATH\CodeIgniter.php(490): CodeIgniter\CodeIgniter->createController()
 3 SYSTEMPATH\CodeIgniter.php(368): CodeIgniter\CodeIgniter->handleRequest(null, Object(Config\Cache), false)
 4 FCPATH\index.php(67): CodeIgniter\CodeIgniter->run()
 5 SYSTEMPATH\Commands\Server\rewrite.php(47): require_once('D:\\XAMPP\\htdocs\\1BIS\\public\\index.php')
INFO - 2023-08-15 03:28:58 --> Session: Class initialized using 'CodeIgniter\Session\Handlers\FileHandler' driver.
WARNING - 2023-08-15 05:16:49 --> [DEPRECATED] Creation of dynamic property App\Controllers\Login::$userlogin is deprecated in APPPATH\Controllers\Login.php on line 13.
 1 SYSTEMPATH\CodeIgniter.php(906): App\Controllers\Login->__construct()
 2 SYSTEMPATH\CodeIgniter.php(490): CodeIgniter\CodeIgniter->createController()
 3 SYSTEMPATH\CodeIgniter.php(368): CodeIgniter\CodeIgniter->handleRequest(null, Object(Config\Cache), false)
 4 FCPATH\index.php(67): CodeIgniter\CodeIgniter->run()
 5 SYSTEMPATH\Commands\Server\rewrite.php(47): require_once('D:\\XAMPP\\htdocs\\1BIS\\public\\index.php')
INFO - 2023-08-15 05:16:49 --> Session: Class initialized using 'CodeIgniter\Session\Handlers\FileHandler' driver.
INFO - 2023-08-15 05:16:51 --> Session: Class initialized using 'CodeIgniter\Session\Handlers\FileHandler' driver.
WARNING - 2023-08-15 05:16:51 --> [DEPRECATED] Creation of dynamic property App\Controllers\Admin::$usermodel is deprecated in APPPATH\Controllers\Admin.php on line 11.
 1 SYSTEMPATH\CodeIgniter.php(906): App\Controllers\Admin->__construct()
 2 SYSTEMPATH\CodeIgniter.php(490): CodeIgniter\CodeIgniter->createController()
 3 SYSTEMPATH\CodeIgniter.php(368): CodeIgniter\CodeIgniter->handleRequest(null, Object(Config\Cache), false)
 4 FCPATH\index.php(67): CodeIgniter\CodeIgniter->run()
 5 SYSTEMPATH\Commands\Server\rewrite.php(47): require_once('D:\\XAMPP\\htdocs\\1BIS\\public\\index.php')
INFO - 2023-08-15 05:17:18 --> Session: Class initialized using 'CodeIgniter\Session\Handlers\FileHandler' driver.
WARNING - 2023-08-15 05:17:18 --> [DEPRECATED] Creation of dynamic property App\Controllers\Admin::$usermodel is deprecated in APPPATH\Controllers\Admin.php on line 11.
 1 SYSTEMPATH\CodeIgniter.php(906): App\Controllers\Admin->__construct()
 2 SYSTEMPATH\CodeIgniter.php(490): CodeIgniter\CodeIgniter->createController()
 3 SYSTEMPATH\CodeIgniter.php(368): CodeIgniter\CodeIgniter->handleRequest(null, Object(Config\Cache), false)
 4 FCPATH\index.php(67): CodeIgniter\CodeIgniter->run()
 5 SYSTEMPATH\Commands\Server\rewrite.php(47): require_once('D:\\XAMPP\\htdocs\\1BIS\\public\\index.php')
WARNING - 2023-08-15 05:17:20 --> [DEPRECATED] auto_detect_line_endings is deprecated in VENDORPATH\phpoffice\phpspreadsheet\src\PhpSpreadsheet\Reader\Csv.php on line 318.
 1 VENDORPATH\phpoffice\phpspreadsheet\src\PhpSpreadsheet\Reader\Csv.php(318): ini_set('auto_detect_line_endings', '1')
 2 VENDORPATH\phpoffice\phpspreadsheet\src\PhpSpreadsheet\Reader\Csv.php(364): PhpOffice\PhpSpreadsheet\Reader\Csv->setAutoDetect('1')
 3 VENDORPATH\phpoffice\phpspreadsheet\src\PhpSpreadsheet\Reader\Csv.php(355): PhpOffice\PhpSpreadsheet\Reader\Csv->loadStringOrFile('C:\\xampp\\tmp\\php9D.tmp', Object(PhpOffice\PhpSpreadsheet\Spreadsheet), false)
 4 VENDORPATH\phpoffice\phpspreadsheet\src\PhpSpreadsheet\Reader\Csv.php(268): PhpOffice\PhpSpreadsheet\Reader\Csv->loadIntoExisting('C:\\xampp\\tmp\\php9D.tmp', Object(PhpOffice\PhpSpreadsheet\Spreadsheet))
 5 VENDORPATH\phpoffice\phpspreadsheet\src\PhpSpreadsheet\Reader\BaseReader.php(182): PhpOffice\PhpSpreadsheet\Reader\Csv->loadSpreadsheetFromFile('C:\\xampp\\tmp\\php9D.tmp')
 6 APPPATH\Controllers\Admin.php(135): PhpOffice\PhpSpreadsheet\Reader\BaseReader->load('C:\\xampp\\tmp\\php9D.tmp')
 7 SYSTEMPATH\CodeIgniter.php(934): App\Controllers\Admin->import()
 8 SYSTEMPATH\CodeIgniter.php(499): CodeIgniter\CodeIgniter->runController(Object(App\Controllers\Admin))
 9 SYSTEMPATH\CodeIgniter.php(368): CodeIgniter\CodeIgniter->handleRequest(null, Object(Config\Cache), false)
10 FCPATH\index.php(67): CodeIgniter\CodeIgniter->run()
11 SYSTEMPATH\Commands\Server\rewrite.php(47): require_once('D:\\XAMPP\\htdocs\\1BIS\\public\\index.php')
INFO - 2023-08-15 05:17:22 --> Session: Class initialized using 'CodeIgniter\Session\Handlers\FileHandler' driver.
WARNING - 2023-08-15 05:17:22 --> [DEPRECATED] Creation of dynamic property App\Controllers\Admin::$usermodel is deprecated in APPPATH\Controllers\Admin.php on line 11.
 1 SYSTEMPATH\CodeIgniter.php(906): App\Controllers\Admin->__construct()
 2 SYSTEMPATH\CodeIgniter.php(490): CodeIgniter\CodeIgniter->createController()
 3 SYSTEMPATH\CodeIgniter.php(368): CodeIgniter\CodeIgniter->handleRequest(null, Object(Config\Cache), false)
 4 FCPATH\index.php(67): CodeIgniter\CodeIgniter->run()
 5 SYSTEMPATH\Commands\Server\rewrite.php(47): require_once('D:\\XAMPP\\htdocs\\1BIS\\public\\index.php')
INFO - 2023-08-15 05:18:37 --> Session: Class initialized using 'CodeIgniter\Session\Handlers\FileHandler' driver.
WARNING - 2023-08-15 05:18:37 --> [DEPRECATED] Creation of dynamic property App\Controllers\Admin::$usermodel is deprecated in APPPATH\Controllers\Admin.php on line 11.
 1 SYSTEMPATH\CodeIgniter.php(906): App\Controllers\Admin->__construct()
 2 SYSTEMPATH\CodeIgniter.php(490): CodeIgniter\CodeIgniter->createController()
 3 SYSTEMPATH\CodeIgniter.php(368): CodeIgniter\CodeIgniter->handleRequest(null, Object(Config\Cache), false)
 4 FCPATH\index.php(67): CodeIgniter\CodeIgniter->run()
 5 SYSTEMPATH\Commands\Server\rewrite.php(47): require_once('D:\\XAMPP\\htdocs\\1BIS\\public\\index.php')
INFO - 2023-08-15 05:19:06 --> Session: Class initialized using 'CodeIgniter\Session\Handlers\FileHandler' driver.
WARNING - 2023-08-15 05:19:06 --> [DEPRECATED] Creation of dynamic property App\Controllers\Admin::$usermodel is deprecated in APPPATH\Controllers\Admin.php on line 11.
 1 SYSTEMPATH\CodeIgniter.php(906): App\Controllers\Admin->__construct()
 2 SYSTEMPATH\CodeIgniter.php(490): CodeIgniter\CodeIgniter->createController()
 3 SYSTEMPATH\CodeIgniter.php(368): CodeIgniter\CodeIgniter->handleRequest(null, Object(Config\Cache), false)
 4 FCPATH\index.php(67): CodeIgniter\CodeIgniter->run()
 5 SYSTEMPATH\Commands\Server\rewrite.php(47): require_once('D:\\XAMPP\\htdocs\\1BIS\\public\\index.php')
WARNING - 2023-08-15 05:19:06 --> [DEPRECATED] auto_detect_line_endings is deprecated in VENDORPATH\phpoffice\phpspreadsheet\src\PhpSpreadsheet\Reader\Csv.php on line 318.
 1 VENDORPATH\phpoffice\phpspreadsheet\src\PhpSpreadsheet\Reader\Csv.php(318): ini_set('auto_detect_line_endings', '1')
 2 VENDORPATH\phpoffice\phpspreadsheet\src\PhpSpreadsheet\Reader\Csv.php(364): PhpOffice\PhpSpreadsheet\Reader\Csv->setAutoDetect('1')
 3 VENDORPATH\phpoffice\phpspreadsheet\src\PhpSpreadsheet\Reader\Csv.php(355): PhpOffice\PhpSpreadsheet\Reader\Csv->loadStringOrFile('C:\\xampp\\tmp\\phpA3CF.tmp', Object(PhpOffice\PhpSpreadsheet\Spreadsheet), false)
 4 VENDORPATH\phpoffice\phpspreadsheet\src\PhpSpreadsheet\Reader\Csv.php(268): PhpOffice\PhpSpreadsheet\Reader\Csv->loadIntoExisting('C:\\xampp\\tmp\\phpA3CF.tmp', Object(PhpOffice\PhpSpreadsheet\Spreadsheet))
 5 VENDORPATH\phpoffice\phpspreadsheet\src\PhpSpreadsheet\Reader\BaseReader.php(182): PhpOffice\PhpSpreadsheet\Reader\Csv->loadSpreadsheetFromFile('C:\\xampp\\tmp\\phpA3CF.tmp')
 6 APPPATH\Controllers\Admin.php(135): PhpOffice\PhpSpreadsheet\Reader\BaseReader->load('C:\\xampp\\tmp\\phpA3CF.tmp')
 7 SYSTEMPATH\CodeIgniter.php(934): App\Controllers\Admin->import()
 8 SYSTEMPATH\CodeIgniter.php(499): CodeIgniter\CodeIgniter->runController(Object(App\Controllers\Admin))
 9 SYSTEMPATH\CodeIgniter.php(368): CodeIgniter\CodeIgniter->handleRequest(null, Object(Config\Cache), false)
10 FCPATH\index.php(67): CodeIgniter\CodeIgniter->run()
11 SYSTEMPATH\Commands\Server\rewrite.php(47): require_once('D:\\XAMPP\\htdocs\\1BIS\\public\\index.php')
INFO - 2023-08-15 05:19:07 --> Session: Class initialized using 'CodeIgniter\Session\Handlers\FileHandler' driver.
WARNING - 2023-08-15 05:19:07 --> [DEPRECATED] Creation of dynamic property App\Controllers\Admin::$usermodel is deprecated in APPPATH\Controllers\Admin.php on line 11.
 1 SYSTEMPATH\CodeIgniter.php(906): App\Controllers\Admin->__construct()
 2 SYSTEMPATH\CodeIgniter.php(490): CodeIgniter\CodeIgniter->createController()
 3 SYSTEMPATH\CodeIgniter.php(368): CodeIgniter\CodeIgniter->handleRequest(null, Object(Config\Cache), false)
 4 FCPATH\index.php(67): CodeIgniter\CodeIgniter->run()
 5 SYSTEMPATH\Commands\Server\rewrite.php(47): require_once('D:\\XAMPP\\htdocs\\1BIS\\public\\index.php')
INFO - 2023-08-15 05:20:12 --> Session: Class initialized using 'CodeIgniter\Session\Handlers\FileHandler' driver.
WARNING - 2023-08-15 05:20:12 --> [DEPRECATED] Creation of dynamic property App\Controllers\Admin::$usermodel is deprecated in APPPATH\Controllers\Admin.php on line 11.
 1 SYSTEMPATH\CodeIgniter.php(906): App\Controllers\Admin->__construct()
 2 SYSTEMPATH\CodeIgniter.php(490): CodeIgniter\CodeIgniter->createController()
 3 SYSTEMPATH\CodeIgniter.php(368): CodeIgniter\CodeIgniter->handleRequest(null, Object(Config\Cache), false)
 4 FCPATH\index.php(67): CodeIgniter\CodeIgniter->run()
 5 SYSTEMPATH\Commands\Server\rewrite.php(47): require_once('D:\\XAMPP\\htdocs\\1BIS\\public\\index.php')
INFO - 2023-08-15 05:20:22 --> Session: Class initialized using 'CodeIgniter\Session\Handlers\FileHandler' driver.
WARNING - 2023-08-15 05:20:23 --> [DEPRECATED] Creation of dynamic property App\Controllers\Admin::$usermodel is deprecated in APPPATH\Controllers\Admin.php on line 11.
 1 SYSTEMPATH\CodeIgniter.php(906): App\Controllers\Admin->__construct()
 2 SYSTEMPATH\CodeIgniter.php(490): CodeIgniter\CodeIgniter->createController()
 3 SYSTEMPATH\CodeIgniter.php(368): CodeIgniter\CodeIgniter->handleRequest(null, Object(Config\Cache), false)
 4 FCPATH\index.php(67): CodeIgniter\CodeIgniter->run()
 5 SYSTEMPATH\Commands\Server\rewrite.php(47): require_once('D:\\XAMPP\\htdocs\\1BIS\\public\\index.php')
WARNING - 2023-08-15 05:20:23 --> [DEPRECATED] auto_detect_line_endings is deprecated in VENDORPATH\phpoffice\phpspreadsheet\src\PhpSpreadsheet\Reader\Csv.php on line 318.
 1 VENDORPATH\phpoffice\phpspreadsheet\src\PhpSpreadsheet\Reader\Csv.php(318): ini_set('auto_detect_line_endings', '1')
 2 VENDORPATH\phpoffice\phpspreadsheet\src\PhpSpreadsheet\Reader\Csv.php(364): PhpOffice\PhpSpreadsheet\Reader\Csv->setAutoDetect('1')
 3 VENDORPATH\phpoffice\phpspreadsheet\src\PhpSpreadsheet\Reader\Csv.php(355): PhpOffice\PhpSpreadsheet\Reader\Csv->loadStringOrFile('C:\\xampp\\tmp\\phpCFFC.tmp', Object(PhpOffice\PhpSpreadsheet\Spreadsheet), false)
 4 VENDORPATH\phpoffice\phpspreadsheet\src\PhpSpreadsheet\Reader\Csv.php(268): PhpOffice\PhpSpreadsheet\Reader\Csv->loadIntoExisting('C:\\xampp\\tmp\\phpCFFC.tmp', Object(PhpOffice\PhpSpreadsheet\Spreadsheet))
 5 VENDORPATH\phpoffice\phpspreadsheet\src\PhpSpreadsheet\Reader\BaseReader.php(182): PhpOffice\PhpSpreadsheet\Reader\Csv->loadSpreadsheetFromFile('C:\\xampp\\tmp\\phpCFFC.tmp')
 6 APPPATH\Controllers\Admin.php(135): PhpOffice\PhpSpreadsheet\Reader\BaseReader->load('C:\\xampp\\tmp\\phpCFFC.tmp')
 7 SYSTEMPATH\CodeIgniter.php(934): App\Controllers\Admin->import()
 8 SYSTEMPATH\CodeIgniter.php(499): CodeIgniter\CodeIgniter->runController(Object(App\Controllers\Admin))
 9 SYSTEMPATH\CodeIgniter.php(368): CodeIgniter\CodeIgniter->handleRequest(null, Object(Config\Cache), false)
10 FCPATH\index.php(67): CodeIgniter\CodeIgniter->run()
11 SYSTEMPATH\Commands\Server\rewrite.php(47): require_once('D:\\XAMPP\\htdocs\\1BIS\\public\\index.php')
INFO - 2023-08-15 05:20:24 --> Session: Class initialized using 'CodeIgniter\Session\Handlers\FileHandler' driver.
WARNING - 2023-08-15 05:20:24 --> [DEPRECATED] Creation of dynamic property App\Controllers\Admin::$usermodel is deprecated in APPPATH\Controllers\Admin.php on line 11.
 1 SYSTEMPATH\CodeIgniter.php(906): App\Controllers\Admin->__construct()
 2 SYSTEMPATH\CodeIgniter.php(490): CodeIgniter\CodeIgniter->createController()
 3 SYSTEMPATH\CodeIgniter.php(368): CodeIgniter\CodeIgniter->handleRequest(null, Object(Config\Cache), false)
 4 FCPATH\index.php(67): CodeIgniter\CodeIgniter->run()
 5 SYSTEMPATH\Commands\Server\rewrite.php(47): require_once('D:\\XAMPP\\htdocs\\1BIS\\public\\index.php')
INFO - 2023-08-15 05:20:37 --> Session: Class initialized using 'CodeIgniter\Session\Handlers\FileHandler' driver.
WARNING - 2023-08-15 05:20:37 --> [DEPRECATED] Creation of dynamic property App\Controllers\Admin::$usermodel is deprecated in APPPATH\Controllers\Admin.php on line 11.
 1 SYSTEMPATH\CodeIgniter.php(906): App\Controllers\Admin->__construct()
 2 SYSTEMPATH\CodeIgniter.php(490): CodeIgniter\CodeIgniter->createController()
 3 SYSTEMPATH\CodeIgniter.php(368): CodeIgniter\CodeIgniter->handleRequest(null, Object(Config\Cache), false)
 4 FCPATH\index.php(67): CodeIgniter\CodeIgniter->run()
 5 SYSTEMPATH\Commands\Server\rewrite.php(47): require_once('D:\\XAMPP\\htdocs\\1BIS\\public\\index.php')
INFO - 2023-08-15 05:28:19 --> Session: Class initialized using 'CodeIgniter\Session\Handlers\FileHandler' driver.
WARNING - 2023-08-15 05:28:19 --> [DEPRECATED] Creation of dynamic property App\Controllers\Admin::$usermodel is deprecated in APPPATH\Controllers\Admin.php on line 11.
 1 SYSTEMPATH\CodeIgniter.php(906): App\Controllers\Admin->__construct()
 2 SYSTEMPATH\CodeIgniter.php(490): CodeIgniter\CodeIgniter->createController()
 3 SYSTEMPATH\CodeIgniter.php(368): CodeIgniter\CodeIgniter->handleRequest(null, Object(Config\Cache), false)
 4 FCPATH\index.php(67): CodeIgniter\CodeIgniter->run()
 5 SYSTEMPATH\Commands\Server\rewrite.php(47): require_once('D:\\XAMPP\\htdocs\\1BIS\\public\\index.php')
INFO - 2023-08-15 05:28:21 --> Session: Class initialized using 'CodeIgniter\Session\Handlers\FileHandler' driver.
WARNING - 2023-08-15 05:28:21 --> [DEPRECATED] Creation of dynamic property App\Controllers\Login::$userlogin is deprecated in APPPATH\Controllers\Login.php on line 13.
 1 SYSTEMPATH\CodeIgniter.php(906): App\Controllers\Login->__construct()
 2 SYSTEMPATH\CodeIgniter.php(490): CodeIgniter\CodeIgniter->createController()
 3 SYSTEMPATH\CodeIgniter.php(368): CodeIgniter\CodeIgniter->handleRequest(null, Object(Config\Cache), false)
 4 FCPATH\index.php(67): CodeIgniter\CodeIgniter->run()
 5 SYSTEMPATH\Commands\Server\rewrite.php(47): require_once('D:\\XAMPP\\htdocs\\1BIS\\public\\index.php')
INFO - 2023-08-15 07:36:27 --> Session: Class initialized using 'CodeIgniter\Session\Handlers\FileHandler' driver.
WARNING - 2023-08-15 07:36:27 --> [DEPRECATED] Creation of dynamic property App\Controllers\Login::$userlogin is deprecated in APPPATH\Controllers\Login.php on line 13.
 1 SYSTEMPATH\CodeIgniter.php(906): App\Controllers\Login->__construct()
 2 SYSTEMPATH\CodeIgniter.php(490): CodeIgniter\CodeIgniter->createController()
 3 SYSTEMPATH\CodeIgniter.php(368): CodeIgniter\CodeIgniter->handleRequest(null, Object(Config\Cache), false)
 4 FCPATH\index.php(67): CodeIgniter\CodeIgniter->run()
 5 SYSTEMPATH\Commands\Server\rewrite.php(47): require_once('D:\\XAMPP\\htdocs\\1BIS\\public\\index.php')
INFO - 2023-08-15 07:36:27 --> Session: Class initialized using 'CodeIgniter\Session\Handlers\FileHandler' driver.
WARNING - 2023-08-15 07:36:37 --> [DEPRECATED] Creation of dynamic property App\Controllers\Login::$userlogin is deprecated in APPPATH\Controllers\Login.php on line 13.
 1 SYSTEMPATH\CodeIgniter.php(906): App\Controllers\Login->__construct()
 2 SYSTEMPATH\CodeIgniter.php(490): CodeIgniter\CodeIgniter->createController()
 3 SYSTEMPATH\CodeIgniter.php(368): CodeIgniter\CodeIgniter->handleRequest(null, Object(Config\Cache), false)
 4 FCPATH\index.php(67): CodeIgniter\CodeIgniter->run()
 5 SYSTEMPATH\Commands\Server\rewrite.php(47): require_once('D:\\XAMPP\\htdocs\\1BIS\\public\\index.php')
INFO - 2023-08-15 07:36:38 --> Session: Class initialized using 'CodeIgniter\Session\Handlers\FileHandler' driver.
INFO - 2023-08-15 07:36:38 --> Session: Class initialized using 'CodeIgniter\Session\Handlers\FileHandler' driver.
WARNING - 2023-08-15 07:36:38 --> [DEPRECATED] Creation of dynamic property App\Controllers\Admin::$usermodel is deprecated in APPPATH\Controllers\Admin.php on line 11.
 1 SYSTEMPATH\CodeIgniter.php(906): App\Controllers\Admin->__construct()
 2 SYSTEMPATH\CodeIgniter.php(490): CodeIgniter\CodeIgniter->createController()
 3 SYSTEMPATH\CodeIgniter.php(368): CodeIgniter\CodeIgniter->handleRequest(null, Object(Config\Cache), false)
 4 FCPATH\index.php(67): CodeIgniter\CodeIgniter->run()
 5 SYSTEMPATH\Commands\Server\rewrite.php(47): require_once('D:\\XAMPP\\htdocs\\1BIS\\public\\index.php')
INFO - 2023-08-15 10:05:14 --> Session: Class initialized using 'CodeIgniter\Session\Handlers\FileHandler' driver.
WARNING - 2023-08-15 10:05:15 --> [DEPRECATED] Creation of dynamic property App\Controllers\Login::$userlogin is deprecated in APPPATH\Controllers\Login.php on line 13.
 1 SYSTEMPATH\CodeIgniter.php(906): App\Controllers\Login->__construct()
 2 SYSTEMPATH\CodeIgniter.php(490): CodeIgniter\CodeIgniter->createController()
 3 SYSTEMPATH\CodeIgniter.php(368): CodeIgniter\CodeIgniter->handleRequest(null, Object(Config\Cache), false)
 4 FCPATH\index.php(67): CodeIgniter\CodeIgniter->run()
 5 SYSTEMPATH\Commands\Server\rewrite.php(47): require_once('D:\\XAMPP\\htdocs\\1BIS\\public\\index.php')
INFO - 2023-08-15 10:05:15 --> Session: Class initialized using 'CodeIgniter\Session\Handlers\FileHandler' driver.
