CRITICAL - 2023-08-06 00:53:38 --> Undefined variable $products
in APPPATH\Views\layouts\Users\usertable.php on line 27.
 1 APPPATH\Views\layouts\Users\usertable.php(27): CodeIgniter\Debug\Exceptions->errorHandler(2, 'Undefined variable $products', 'D:\\XAMPP\\htdocs\\1BIS\\app\\Views\\layouts\\Users\\usertable.php', 27)
 2 SYSTEMPATH\View\View.php(213): include('D:\\XAMPP\\htdocs\\1BIS\\app\\Views\\layouts\\Users\\usertable.php')
 3 SYSTEMPATH\View\View.php(216): CodeIgniter\View\View->CodeIgniter\View\{closure}()
 4 SYSTEMPATH\Common.php(1184): CodeIgniter\View\View->render('Views/layouts/users/usertable', [], true)
 5 APPPATH\Controllers\UserTable.php(16): view('Views/layouts/users/usertable')
 6 SYSTEMPATH\CodeIgniter.php(934): App\Controllers\UserTable->index()
 7 SYSTEMPATH\CodeIgniter.php(499): CodeIgniter\CodeIgniter->runController(Object(App\Controllers\UserTable))
 8 SYSTEMPATH\CodeIgniter.php(368): CodeIgniter\CodeIgniter->handleRequest(null, Object(Config\Cache), false)
 9 FCPATH\index.php(67): CodeIgniter\CodeIgniter->run()
10 SYSTEMPATH\Commands\Server\rewrite.php(47): require_once('D:\\XAMPP\\htdocs\\1BIS\\public\\index.php')
CRITICAL - 2023-08-06 00:53:39 --> Undefined variable $products
in APPPATH\Views\layouts\Users\usertable.php on line 27.
 1 APPPATH\Views\layouts\Users\usertable.php(27): CodeIgniter\Debug\Exceptions->errorHandler(2, 'Undefined variable $products', 'D:\\XAMPP\\htdocs\\1BIS\\app\\Views\\layouts\\Users\\usertable.php', 27)
 2 SYSTEMPATH\View\View.php(213): include('D:\\XAMPP\\htdocs\\1BIS\\app\\Views\\layouts\\Users\\usertable.php')
 3 SYSTEMPATH\View\View.php(216): CodeIgniter\View\View->CodeIgniter\View\{closure}()
 4 SYSTEMPATH\Common.php(1184): CodeIgniter\View\View->render('Views/layouts/users/usertable', [], true)
 5 APPPATH\Controllers\UserTable.php(16): view('Views/layouts/users/usertable')
 6 SYSTEMPATH\CodeIgniter.php(934): App\Controllers\UserTable->index()
 7 SYSTEMPATH\CodeIgniter.php(499): CodeIgniter\CodeIgniter->runController(Object(App\Controllers\UserTable))
 8 SYSTEMPATH\CodeIgniter.php(368): CodeIgniter\CodeIgniter->handleRequest(null, Object(Config\Cache), false)
 9 FCPATH\index.php(67): CodeIgniter\CodeIgniter->run()
10 SYSTEMPATH\Commands\Server\rewrite.php(47): require_once('D:\\XAMPP\\htdocs\\1BIS\\public\\index.php')
CRITICAL - 2023-08-06 01:33:48 --> Undefined variable $products
in APPPATH\Views\layouts\Users\usertable.php on line 27.
 1 APPPATH\Views\layouts\Users\usertable.php(27): CodeIgniter\Debug\Exceptions->errorHandler(2, 'Undefined variable $products', 'D:\\XAMPP\\htdocs\\1BIS\\app\\Views\\layouts\\Users\\usertable.php', 27)
 2 SYSTEMPATH\View\View.php(213): include('D:\\XAMPP\\htdocs\\1BIS\\app\\Views\\layouts\\Users\\usertable.php')
 3 SYSTEMPATH\View\View.php(216): CodeIgniter\View\View->CodeIgniter\View\{closure}()
 4 SYSTEMPATH\Common.php(1184): CodeIgniter\View\View->render('Views/layouts/users/usertable', [], true)
 5 APPPATH\Controllers\UserTable.php(16): view('Views/layouts/users/usertable')
 6 SYSTEMPATH\CodeIgniter.php(934): App\Controllers\UserTable->index()
 7 SYSTEMPATH\CodeIgniter.php(499): CodeIgniter\CodeIgniter->runController(Object(App\Controllers\UserTable))
 8 SYSTEMPATH\CodeIgniter.php(368): CodeIgniter\CodeIgniter->handleRequest(null, Object(Config\Cache), false)
 9 FCPATH\index.php(67): CodeIgniter\CodeIgniter->run()
10 SYSTEMPATH\Commands\Server\rewrite.php(47): require_once('D:\\XAMPP\\htdocs\\1BIS\\public\\index.php')
CRITICAL - 2023-08-06 01:36:42 --> Undefined variable $products
in APPPATH\Views\layouts\Users\usertable.php on line 27.
 1 APPPATH\Views\layouts\Users\usertable.php(27): CodeIgniter\Debug\Exceptions->errorHandler(2, 'Undefined variable $products', 'D:\\XAMPP\\htdocs\\1BIS\\app\\Views\\layouts\\Users\\usertable.php', 27)
 2 SYSTEMPATH\View\View.php(213): include('D:\\XAMPP\\htdocs\\1BIS\\app\\Views\\layouts\\Users\\usertable.php')
 3 SYSTEMPATH\View\View.php(216): CodeIgniter\View\View->CodeIgniter\View\{closure}()
 4 SYSTEMPATH\Common.php(1184): CodeIgniter\View\View->render('Views/layouts/users/usertable', [], true)
 5 APPPATH\Controllers\UserTable.php(16): view('Views/layouts/users/usertable')
 6 SYSTEMPATH\CodeIgniter.php(934): App\Controllers\UserTable->index()
 7 SYSTEMPATH\CodeIgniter.php(499): CodeIgniter\CodeIgniter->runController(Object(App\Controllers\UserTable))
 8 SYSTEMPATH\CodeIgniter.php(368): CodeIgniter\CodeIgniter->handleRequest(null, Object(Config\Cache), false)
 9 FCPATH\index.php(67): CodeIgniter\CodeIgniter->run()
10 SYSTEMPATH\Commands\Server\rewrite.php(47): require_once('D:\\XAMPP\\htdocs\\1BIS\\public\\index.php')
CRITICAL - 2023-08-06 01:41:13 --> Undefined variable $products
in APPPATH\Views\layouts\Users\usertable.php on line 27.
 1 APPPATH\Views\layouts\Users\usertable.php(27): CodeIgniter\Debug\Exceptions->errorHandler(2, 'Undefined variable $products', 'D:\\XAMPP\\htdocs\\1BIS\\app\\Views\\layouts\\Users\\usertable.php', 27)
 2 SYSTEMPATH\View\View.php(213): include('D:\\XAMPP\\htdocs\\1BIS\\app\\Views\\layouts\\Users\\usertable.php')
 3 SYSTEMPATH\View\View.php(216): CodeIgniter\View\View->CodeIgniter\View\{closure}()
 4 SYSTEMPATH\Common.php(1184): CodeIgniter\View\View->render('Views/layouts/users/usertable', [], true)
 5 APPPATH\Controllers\UserTable.php(16): view('Views/layouts/users/usertable')
 6 SYSTEMPATH\CodeIgniter.php(934): App\Controllers\UserTable->index()
 7 SYSTEMPATH\CodeIgniter.php(499): CodeIgniter\CodeIgniter->runController(Object(App\Controllers\UserTable))
 8 SYSTEMPATH\CodeIgniter.php(368): CodeIgniter\CodeIgniter->handleRequest(null, Object(Config\Cache), false)
 9 FCPATH\index.php(67): CodeIgniter\CodeIgniter->run()
10 SYSTEMPATH\Commands\Server\rewrite.php(47): require_once('D:\\XAMPP\\htdocs\\1BIS\\public\\index.php')
CRITICAL - 2023-08-06 01:43:02 --> Undefined variable $products
in APPPATH\Views\layouts\Users\usertable.php on line 27.
 1 APPPATH\Views\layouts\Users\usertable.php(27): CodeIgniter\Debug\Exceptions->errorHandler(2, 'Undefined variable $products', 'D:\\XAMPP\\htdocs\\1BIS\\app\\Views\\layouts\\Users\\usertable.php', 27)
 2 SYSTEMPATH\View\View.php(213): include('D:\\XAMPP\\htdocs\\1BIS\\app\\Views\\layouts\\Users\\usertable.php')
 3 SYSTEMPATH\View\View.php(216): CodeIgniter\View\View->CodeIgniter\View\{closure}()
 4 SYSTEMPATH\Common.php(1184): CodeIgniter\View\View->render('Views/layouts/users/usertable', [], true)
 5 APPPATH\Controllers\UserTable.php(16): view('Views/layouts/users/usertable')
 6 SYSTEMPATH\CodeIgniter.php(934): App\Controllers\UserTable->index()
 7 SYSTEMPATH\CodeIgniter.php(499): CodeIgniter\CodeIgniter->runController(Object(App\Controllers\UserTable))
 8 SYSTEMPATH\CodeIgniter.php(368): CodeIgniter\CodeIgniter->handleRequest(null, Object(Config\Cache), false)
 9 FCPATH\index.php(67): CodeIgniter\CodeIgniter->run()
10 SYSTEMPATH\Commands\Server\rewrite.php(47): require_once('D:\\XAMPP\\htdocs\\1BIS\\public\\index.php')
CRITICAL - 2023-08-06 01:45:29 --> Undefined variable $products
in APPPATH\Views\layouts\Users\usertable.php on line 27.
 1 APPPATH\Views\layouts\Users\usertable.php(27): CodeIgniter\Debug\Exceptions->errorHandler(2, 'Undefined variable $products', 'D:\\XAMPP\\htdocs\\1BIS\\app\\Views\\layouts\\Users\\usertable.php', 27)
 2 SYSTEMPATH\View\View.php(213): include('D:\\XAMPP\\htdocs\\1BIS\\app\\Views\\layouts\\Users\\usertable.php')
 3 SYSTEMPATH\View\View.php(216): CodeIgniter\View\View->CodeIgniter\View\{closure}()
 4 SYSTEMPATH\Common.php(1184): CodeIgniter\View\View->render('Views/layouts/users/usertable', [], true)
 5 APPPATH\Controllers\UserTable.php(16): view('Views/layouts/users/usertable')
 6 SYSTEMPATH\CodeIgniter.php(934): App\Controllers\UserTable->index()
 7 SYSTEMPATH\CodeIgniter.php(499): CodeIgniter\CodeIgniter->runController(Object(App\Controllers\UserTable))
 8 SYSTEMPATH\CodeIgniter.php(368): CodeIgniter\CodeIgniter->handleRequest(null, Object(Config\Cache), false)
 9 FCPATH\index.php(67): CodeIgniter\CodeIgniter->run()
10 SYSTEMPATH\Commands\Server\rewrite.php(47): require_once('D:\\XAMPP\\htdocs\\1BIS\\public\\index.php')
CRITICAL - 2023-08-06 01:45:47 --> Undefined variable $products
in APPPATH\Views\layouts\Users\usertable.php on line 27.
 1 APPPATH\Views\layouts\Users\usertable.php(27): CodeIgniter\Debug\Exceptions->errorHandler(2, 'Undefined variable $products', 'D:\\XAMPP\\htdocs\\1BIS\\app\\Views\\layouts\\Users\\usertable.php', 27)
 2 SYSTEMPATH\View\View.php(213): include('D:\\XAMPP\\htdocs\\1BIS\\app\\Views\\layouts\\Users\\usertable.php')
 3 SYSTEMPATH\View\View.php(216): CodeIgniter\View\View->CodeIgniter\View\{closure}()
 4 SYSTEMPATH\Common.php(1184): CodeIgniter\View\View->render('Views/layouts/users/usertable', [], true)
 5 APPPATH\Controllers\UserTable.php(16): view('Views/layouts/users/usertable')
 6 SYSTEMPATH\CodeIgniter.php(934): App\Controllers\UserTable->index()
 7 SYSTEMPATH\CodeIgniter.php(499): CodeIgniter\CodeIgniter->runController(Object(App\Controllers\UserTable))
 8 SYSTEMPATH\CodeIgniter.php(368): CodeIgniter\CodeIgniter->handleRequest(null, Object(Config\Cache), false)
 9 FCPATH\index.php(67): CodeIgniter\CodeIgniter->run()
10 SYSTEMPATH\Commands\Server\rewrite.php(47): require_once('D:\\XAMPP\\htdocs\\1BIS\\public\\index.php')
CRITICAL - 2023-08-06 01:46:21 --> Undefined variable $products
in APPPATH\Views\layouts\Users\usertable.php on line 27.
 1 APPPATH\Views\layouts\Users\usertable.php(27): CodeIgniter\Debug\Exceptions->errorHandler(2, 'Undefined variable $products', 'D:\\XAMPP\\htdocs\\1BIS\\app\\Views\\layouts\\Users\\usertable.php', 27)
 2 SYSTEMPATH\View\View.php(213): include('D:\\XAMPP\\htdocs\\1BIS\\app\\Views\\layouts\\Users\\usertable.php')
 3 SYSTEMPATH\View\View.php(216): CodeIgniter\View\View->CodeIgniter\View\{closure}()
 4 SYSTEMPATH\Common.php(1184): CodeIgniter\View\View->render('Views/layouts/users/usertable', [], true)
 5 APPPATH\Controllers\UserTable.php(16): view('Views/layouts/users/usertable')
 6 SYSTEMPATH\CodeIgniter.php(934): App\Controllers\UserTable->index()
 7 SYSTEMPATH\CodeIgniter.php(499): CodeIgniter\CodeIgniter->runController(Object(App\Controllers\UserTable))
 8 SYSTEMPATH\CodeIgniter.php(368): CodeIgniter\CodeIgniter->handleRequest(null, Object(Config\Cache), false)
 9 FCPATH\index.php(67): CodeIgniter\CodeIgniter->run()
10 SYSTEMPATH\Commands\Server\rewrite.php(47): require_once('D:\\XAMPP\\htdocs\\1BIS\\public\\index.php')
CRITICAL - 2023-08-06 01:47:08 --> Undefined variable $products
in APPPATH\Views\layouts\Users\usertable.php on line 27.
 1 APPPATH\Views\layouts\Users\usertable.php(27): CodeIgniter\Debug\Exceptions->errorHandler(2, 'Undefined variable $products', 'D:\\XAMPP\\htdocs\\1BIS\\app\\Views\\layouts\\Users\\usertable.php', 27)
 2 SYSTEMPATH\View\View.php(213): include('D:\\XAMPP\\htdocs\\1BIS\\app\\Views\\layouts\\Users\\usertable.php')
 3 SYSTEMPATH\View\View.php(216): CodeIgniter\View\View->CodeIgniter\View\{closure}()
 4 SYSTEMPATH\Common.php(1184): CodeIgniter\View\View->render('Views/layouts/users/usertable', [], true)
 5 APPPATH\Controllers\UserTable.php(16): view('Views/layouts/users/usertable')
 6 SYSTEMPATH\CodeIgniter.php(934): App\Controllers\UserTable->index()
 7 SYSTEMPATH\CodeIgniter.php(499): CodeIgniter\CodeIgniter->runController(Object(App\Controllers\UserTable))
 8 SYSTEMPATH\CodeIgniter.php(368): CodeIgniter\CodeIgniter->handleRequest(null, Object(Config\Cache), false)
 9 FCPATH\index.php(67): CodeIgniter\CodeIgniter->run()
10 SYSTEMPATH\Commands\Server\rewrite.php(47): require_once('D:\\XAMPP\\htdocs\\1BIS\\public\\index.php')
CRITICAL - 2023-08-06 02:03:05 --> Undefined array key "hargasatuan"
in APPPATH\Views\layouts\Users\index.php on line 34.
 1 APPPATH\Views\layouts\Users\index.php(34): CodeIgniter\Debug\Exceptions->errorHandler(2, 'Undefined array key "hargasatuan"', 'D:\\XAMPP\\htdocs\\1BIS\\app\\Views\\layouts\\Users\\index.php', 34)
 2 SYSTEMPATH\View\View.php(213): include('D:\\XAMPP\\htdocs\\1BIS\\app\\Views\\layouts\\Users\\index.php')
 3 SYSTEMPATH\View\View.php(216): CodeIgniter\View\View->CodeIgniter\View\{closure}()
 4 SYSTEMPATH\Common.php(1184): CodeIgniter\View\View->render('Views/layouts/users/index', [], true)
 5 APPPATH\Controllers\Order.php(42): view('Views/layouts/users/index', [...])
 6 SYSTEMPATH\CodeIgniter.php(934): App\Controllers\Order->index()
 7 SYSTEMPATH\CodeIgniter.php(499): CodeIgniter\CodeIgniter->runController(Object(App\Controllers\Order))
 8 SYSTEMPATH\CodeIgniter.php(368): CodeIgniter\CodeIgniter->handleRequest(null, Object(Config\Cache), false)
 9 FCPATH\index.php(67): CodeIgniter\CodeIgniter->run()
10 SYSTEMPATH\Commands\Server\rewrite.php(47): require_once('D:\\XAMPP\\htdocs\\1BIS\\public\\index.php')
CRITICAL - 2023-08-06 02:07:15 --> Undefined array key "hargasatuan"
in APPPATH\Views\layouts\Users\index.php on line 34.
 1 APPPATH\Views\layouts\Users\index.php(34): CodeIgniter\Debug\Exceptions->errorHandler(2, 'Undefined array key "hargasatuan"', 'D:\\XAMPP\\htdocs\\1BIS\\app\\Views\\layouts\\Users\\index.php', 34)
 2 SYSTEMPATH\View\View.php(213): include('D:\\XAMPP\\htdocs\\1BIS\\app\\Views\\layouts\\Users\\index.php')
 3 SYSTEMPATH\View\View.php(216): CodeIgniter\View\View->CodeIgniter\View\{closure}()
 4 SYSTEMPATH\Common.php(1184): CodeIgniter\View\View->render('Views/layouts/users/index', [], true)
 5 APPPATH\Controllers\Order.php(42): view('Views/layouts/users/index', [...])
 6 SYSTEMPATH\CodeIgniter.php(934): App\Controllers\Order->index()
 7 SYSTEMPATH\CodeIgniter.php(499): CodeIgniter\CodeIgniter->runController(Object(App\Controllers\Order))
 8 SYSTEMPATH\CodeIgniter.php(368): CodeIgniter\CodeIgniter->handleRequest(null, Object(Config\Cache), false)
 9 FCPATH\index.php(67): CodeIgniter\CodeIgniter->run()
10 SYSTEMPATH\Commands\Server\rewrite.php(47): require_once('D:\\XAMPP\\htdocs\\1BIS\\public\\index.php')
CRITICAL - 2023-08-06 02:10:30 --> Undefined array key "hargasatuan"
in APPPATH\Views\layouts\Users\index.php on line 34.
 1 APPPATH\Views\layouts\Users\index.php(34): CodeIgniter\Debug\Exceptions->errorHandler(2, 'Undefined array key "hargasatuan"', 'D:\\XAMPP\\htdocs\\1BIS\\app\\Views\\layouts\\Users\\index.php', 34)
 2 SYSTEMPATH\View\View.php(213): include('D:\\XAMPP\\htdocs\\1BIS\\app\\Views\\layouts\\Users\\index.php')
 3 SYSTEMPATH\View\View.php(216): CodeIgniter\View\View->CodeIgniter\View\{closure}()
 4 SYSTEMPATH\Common.php(1184): CodeIgniter\View\View->render('Views/layouts/users/index', [], true)
 5 APPPATH\Controllers\Order.php(42): view('Views/layouts/users/index', [...])
 6 SYSTEMPATH\CodeIgniter.php(934): App\Controllers\Order->index()
 7 SYSTEMPATH\CodeIgniter.php(499): CodeIgniter\CodeIgniter->runController(Object(App\Controllers\Order))
 8 SYSTEMPATH\CodeIgniter.php(368): CodeIgniter\CodeIgniter->handleRequest(null, Object(Config\Cache), false)
 9 FCPATH\index.php(67): CodeIgniter\CodeIgniter->run()
10 SYSTEMPATH\Commands\Server\rewrite.php(47): require_once('D:\\XAMPP\\htdocs\\1BIS\\public\\index.php')
CRITICAL - 2023-08-06 02:13:16 --> Undefined array key "hargasatuan"
in APPPATH\Views\layouts\Users\index.php on line 34.
 1 APPPATH\Views\layouts\Users\index.php(34): CodeIgniter\Debug\Exceptions->errorHandler(2, 'Undefined array key "hargasatuan"', 'D:\\XAMPP\\htdocs\\1BIS\\app\\Views\\layouts\\Users\\index.php', 34)
 2 SYSTEMPATH\View\View.php(213): include('D:\\XAMPP\\htdocs\\1BIS\\app\\Views\\layouts\\Users\\index.php')
 3 SYSTEMPATH\View\View.php(216): CodeIgniter\View\View->CodeIgniter\View\{closure}()
 4 SYSTEMPATH\Common.php(1184): CodeIgniter\View\View->render('Views/layouts/users/index', [], true)
 5 APPPATH\Controllers\Order.php(42): view('Views/layouts/users/index', [...])
 6 SYSTEMPATH\CodeIgniter.php(934): App\Controllers\Order->index()
 7 SYSTEMPATH\CodeIgniter.php(499): CodeIgniter\CodeIgniter->runController(Object(App\Controllers\Order))
 8 SYSTEMPATH\CodeIgniter.php(368): CodeIgniter\CodeIgniter->handleRequest(null, Object(Config\Cache), false)
 9 FCPATH\index.php(67): CodeIgniter\CodeIgniter->run()
10 SYSTEMPATH\Commands\Server\rewrite.php(47): require_once('D:\\XAMPP\\htdocs\\1BIS\\public\\index.php')
CRITICAL - 2023-08-06 02:14:35 --> Undefined array key "id"
in APPPATH\Views\layouts\Users\index.php on line 36.
 1 APPPATH\Views\layouts\Users\index.php(36): CodeIgniter\Debug\Exceptions->errorHandler(2, 'Undefined array key "id"', 'D:\\XAMPP\\htdocs\\1BIS\\app\\Views\\layouts\\Users\\index.php', 36)
 2 SYSTEMPATH\View\View.php(213): include('D:\\XAMPP\\htdocs\\1BIS\\app\\Views\\layouts\\Users\\index.php')
 3 SYSTEMPATH\View\View.php(216): CodeIgniter\View\View->CodeIgniter\View\{closure}()
 4 SYSTEMPATH\Common.php(1184): CodeIgniter\View\View->render('Views/layouts/users/index', [], true)
 5 APPPATH\Controllers\Order.php(42): view('Views/layouts/users/index', [...])
 6 SYSTEMPATH\CodeIgniter.php(934): App\Controllers\Order->index()
 7 SYSTEMPATH\CodeIgniter.php(499): CodeIgniter\CodeIgniter->runController(Object(App\Controllers\Order))
 8 SYSTEMPATH\CodeIgniter.php(368): CodeIgniter\CodeIgniter->handleRequest(null, Object(Config\Cache), false)
 9 FCPATH\index.php(67): CodeIgniter\CodeIgniter->run()
10 SYSTEMPATH\Commands\Server\rewrite.php(47): require_once('D:\\XAMPP\\htdocs\\1BIS\\public\\index.php')
CRITICAL - 2023-08-06 02:14:36 --> Undefined array key "id"
in APPPATH\Views\layouts\Users\index.php on line 36.
 1 APPPATH\Views\layouts\Users\index.php(36): CodeIgniter\Debug\Exceptions->errorHandler(2, 'Undefined array key "id"', 'D:\\XAMPP\\htdocs\\1BIS\\app\\Views\\layouts\\Users\\index.php', 36)
 2 SYSTEMPATH\View\View.php(213): include('D:\\XAMPP\\htdocs\\1BIS\\app\\Views\\layouts\\Users\\index.php')
 3 SYSTEMPATH\View\View.php(216): CodeIgniter\View\View->CodeIgniter\View\{closure}()
 4 SYSTEMPATH\Common.php(1184): CodeIgniter\View\View->render('Views/layouts/users/index', [], true)
 5 APPPATH\Controllers\Order.php(42): view('Views/layouts/users/index', [...])
 6 SYSTEMPATH\CodeIgniter.php(934): App\Controllers\Order->index()
 7 SYSTEMPATH\CodeIgniter.php(499): CodeIgniter\CodeIgniter->runController(Object(App\Controllers\Order))
 8 SYSTEMPATH\CodeIgniter.php(368): CodeIgniter\CodeIgniter->handleRequest(null, Object(Config\Cache), false)
 9 FCPATH\index.php(67): CodeIgniter\CodeIgniter->run()
10 SYSTEMPATH\Commands\Server\rewrite.php(47): require_once('D:\\XAMPP\\htdocs\\1BIS\\public\\index.php')
CRITICAL - 2023-08-06 02:16:43 --> Undefined array key "hargasatuan"
in APPPATH\Views\layouts\Users\index.php on line 35.
 1 APPPATH\Views\layouts\Users\index.php(35): CodeIgniter\Debug\Exceptions->errorHandler(2, 'Undefined array key "hargasatuan"', 'D:\\XAMPP\\htdocs\\1BIS\\app\\Views\\layouts\\Users\\index.php', 35)
 2 SYSTEMPATH\View\View.php(213): include('D:\\XAMPP\\htdocs\\1BIS\\app\\Views\\layouts\\Users\\index.php')
 3 SYSTEMPATH\View\View.php(216): CodeIgniter\View\View->CodeIgniter\View\{closure}()
 4 SYSTEMPATH\Common.php(1184): CodeIgniter\View\View->render('Views/layouts/users/index', [], true)
 5 APPPATH\Controllers\Order.php(42): view('Views/layouts/users/index', [...])
 6 SYSTEMPATH\CodeIgniter.php(934): App\Controllers\Order->index()
 7 SYSTEMPATH\CodeIgniter.php(499): CodeIgniter\CodeIgniter->runController(Object(App\Controllers\Order))
 8 SYSTEMPATH\CodeIgniter.php(368): CodeIgniter\CodeIgniter->handleRequest(null, Object(Config\Cache), false)
 9 FCPATH\index.php(67): CodeIgniter\CodeIgniter->run()
10 SYSTEMPATH\Commands\Server\rewrite.php(47): require_once('D:\\XAMPP\\htdocs\\1BIS\\public\\index.php')
CRITICAL - 2023-08-06 02:19:12 --> Undefined array key "hargasatuan"
in APPPATH\Views\layouts\Users\index.php on line 35.
 1 APPPATH\Views\layouts\Users\index.php(35): CodeIgniter\Debug\Exceptions->errorHandler(2, 'Undefined array key "hargasatuan"', 'D:\\XAMPP\\htdocs\\1BIS\\app\\Views\\layouts\\Users\\index.php', 35)
 2 SYSTEMPATH\View\View.php(213): include('D:\\XAMPP\\htdocs\\1BIS\\app\\Views\\layouts\\Users\\index.php')
 3 SYSTEMPATH\View\View.php(216): CodeIgniter\View\View->CodeIgniter\View\{closure}()
 4 SYSTEMPATH\Common.php(1184): CodeIgniter\View\View->render('Views/layouts/users/index', [], true)
 5 APPPATH\Controllers\Order.php(42): view('Views/layouts/users/index', [...])
 6 SYSTEMPATH\CodeIgniter.php(934): App\Controllers\Order->index()
 7 SYSTEMPATH\CodeIgniter.php(499): CodeIgniter\CodeIgniter->runController(Object(App\Controllers\Order))
 8 SYSTEMPATH\CodeIgniter.php(368): CodeIgniter\CodeIgniter->handleRequest(null, Object(Config\Cache), false)
 9 FCPATH\index.php(67): CodeIgniter\CodeIgniter->run()
10 SYSTEMPATH\Commands\Server\rewrite.php(47): require_once('D:\\XAMPP\\htdocs\\1BIS\\public\\index.php')
CRITICAL - 2023-08-06 02:20:52 --> Undefined array key "hargasatuan"
in APPPATH\Views\layouts\Users\index.php on line 35.
 1 APPPATH\Views\layouts\Users\index.php(35): CodeIgniter\Debug\Exceptions->errorHandler(2, 'Undefined array key "hargasatuan"', 'D:\\XAMPP\\htdocs\\1BIS\\app\\Views\\layouts\\Users\\index.php', 35)
 2 SYSTEMPATH\View\View.php(213): include('D:\\XAMPP\\htdocs\\1BIS\\app\\Views\\layouts\\Users\\index.php')
 3 SYSTEMPATH\View\View.php(216): CodeIgniter\View\View->CodeIgniter\View\{closure}()
 4 SYSTEMPATH\Common.php(1184): CodeIgniter\View\View->render('Views/layouts/users/index', [], true)
 5 APPPATH\Controllers\Order.php(42): view('Views/layouts/users/index', [...])
 6 SYSTEMPATH\CodeIgniter.php(934): App\Controllers\Order->index()
 7 SYSTEMPATH\CodeIgniter.php(499): CodeIgniter\CodeIgniter->runController(Object(App\Controllers\Order))
 8 SYSTEMPATH\CodeIgniter.php(368): CodeIgniter\CodeIgniter->handleRequest(null, Object(Config\Cache), false)
 9 FCPATH\index.php(67): CodeIgniter\CodeIgniter->run()
10 SYSTEMPATH\Commands\Server\rewrite.php(47): require_once('D:\\XAMPP\\htdocs\\1BIS\\public\\index.php')
CRITICAL - 2023-08-06 02:22:32 --> Undefined array key "hargasatuan"
in APPPATH\Views\layouts\Users\index.php on line 35.
 1 APPPATH\Views\layouts\Users\index.php(35): CodeIgniter\Debug\Exceptions->errorHandler(2, 'Undefined array key "hargasatuan"', 'D:\\XAMPP\\htdocs\\1BIS\\app\\Views\\layouts\\Users\\index.php', 35)
 2 SYSTEMPATH\View\View.php(213): include('D:\\XAMPP\\htdocs\\1BIS\\app\\Views\\layouts\\Users\\index.php')
 3 SYSTEMPATH\View\View.php(216): CodeIgniter\View\View->CodeIgniter\View\{closure}()
 4 SYSTEMPATH\Common.php(1184): CodeIgniter\View\View->render('Views/layouts/users/index', [], true)
 5 APPPATH\Controllers\Order.php(42): view('Views/layouts/users/index', [...])
 6 SYSTEMPATH\CodeIgniter.php(934): App\Controllers\Order->index()
 7 SYSTEMPATH\CodeIgniter.php(499): CodeIgniter\CodeIgniter->runController(Object(App\Controllers\Order))
 8 SYSTEMPATH\CodeIgniter.php(368): CodeIgniter\CodeIgniter->handleRequest(null, Object(Config\Cache), false)
 9 FCPATH\index.php(67): CodeIgniter\CodeIgniter->run()
10 SYSTEMPATH\Commands\Server\rewrite.php(47): require_once('D:\\XAMPP\\htdocs\\1BIS\\public\\index.php')
CRITICAL - 2023-08-06 02:31:21 --> Undefined array key "id"
in APPPATH\Views\layouts\Users\index.php on line 36.
 1 APPPATH\Views\layouts\Users\index.php(36): CodeIgniter\Debug\Exceptions->errorHandler(2, 'Undefined array key "id"', 'D:\\XAMPP\\htdocs\\1BIS\\app\\Views\\layouts\\Users\\index.php', 36)
 2 SYSTEMPATH\View\View.php(213): include('D:\\XAMPP\\htdocs\\1BIS\\app\\Views\\layouts\\Users\\index.php')
 3 SYSTEMPATH\View\View.php(216): CodeIgniter\View\View->CodeIgniter\View\{closure}()
 4 SYSTEMPATH\Common.php(1184): CodeIgniter\View\View->render('Views/layouts/users/index', [], true)
 5 APPPATH\Controllers\Order.php(42): view('Views/layouts/users/index', [...])
 6 SYSTEMPATH\CodeIgniter.php(934): App\Controllers\Order->index()
 7 SYSTEMPATH\CodeIgniter.php(499): CodeIgniter\CodeIgniter->runController(Object(App\Controllers\Order))
 8 SYSTEMPATH\CodeIgniter.php(368): CodeIgniter\CodeIgniter->handleRequest(null, Object(Config\Cache), false)
 9 FCPATH\index.php(67): CodeIgniter\CodeIgniter->run()
10 SYSTEMPATH\Commands\Server\rewrite.php(47): require_once('D:\\XAMPP\\htdocs\\1BIS\\public\\index.php')
CRITICAL - 2023-08-06 02:44:22 --> Undefined array key "hargasatuan"
in APPPATH\Views\layouts\Users\index.php on line 35.
 1 APPPATH\Views\layouts\Users\index.php(35): CodeIgniter\Debug\Exceptions->errorHandler(2, 'Undefined array key "hargasatuan"', 'D:\\XAMPP\\htdocs\\1BIS\\app\\Views\\layouts\\Users\\index.php', 35)
 2 SYSTEMPATH\View\View.php(213): include('D:\\XAMPP\\htdocs\\1BIS\\app\\Views\\layouts\\Users\\index.php')
 3 SYSTEMPATH\View\View.php(216): CodeIgniter\View\View->CodeIgniter\View\{closure}()
 4 SYSTEMPATH\Common.php(1184): CodeIgniter\View\View->render('Views/layouts/users/index', [], true)
 5 APPPATH\Controllers\Order.php(42): view('Views/layouts/users/index', [...])
 6 SYSTEMPATH\CodeIgniter.php(934): App\Controllers\Order->index()
 7 SYSTEMPATH\CodeIgniter.php(499): CodeIgniter\CodeIgniter->runController(Object(App\Controllers\Order))
 8 SYSTEMPATH\CodeIgniter.php(368): CodeIgniter\CodeIgniter->handleRequest(null, Object(Config\Cache), false)
 9 FCPATH\index.php(67): CodeIgniter\CodeIgniter->run()
10 SYSTEMPATH\Commands\Server\rewrite.php(47): require_once('D:\\XAMPP\\htdocs\\1BIS\\public\\index.php')
CRITICAL - 2023-08-06 02:53:04 --> Undefined array key "hargasatuan"
in APPPATH\Views\layouts\Users\index.php on line 35.
 1 APPPATH\Views\layouts\Users\index.php(35): CodeIgniter\Debug\Exceptions->errorHandler(2, 'Undefined array key "hargasatuan"', 'D:\\XAMPP\\htdocs\\1BIS\\app\\Views\\layouts\\Users\\index.php', 35)
 2 SYSTEMPATH\View\View.php(213): include('D:\\XAMPP\\htdocs\\1BIS\\app\\Views\\layouts\\Users\\index.php')
 3 SYSTEMPATH\View\View.php(216): CodeIgniter\View\View->CodeIgniter\View\{closure}()
 4 SYSTEMPATH\Common.php(1184): CodeIgniter\View\View->render('Views/layouts/users/index', [], true)
 5 APPPATH\Controllers\Order.php(42): view('Views/layouts/users/index', [...])
 6 SYSTEMPATH\CodeIgniter.php(934): App\Controllers\Order->index()
 7 SYSTEMPATH\CodeIgniter.php(499): CodeIgniter\CodeIgniter->runController(Object(App\Controllers\Order))
 8 SYSTEMPATH\CodeIgniter.php(368): CodeIgniter\CodeIgniter->handleRequest(null, Object(Config\Cache), false)
 9 FCPATH\index.php(67): CodeIgniter\CodeIgniter->run()
10 SYSTEMPATH\Commands\Server\rewrite.php(47): require_once('D:\\XAMPP\\htdocs\\1BIS\\public\\index.php')
CRITICAL - 2023-08-06 02:53:06 --> Undefined array key "hargasatuan"
in APPPATH\Views\layouts\Users\index.php on line 35.
 1 APPPATH\Views\layouts\Users\index.php(35): CodeIgniter\Debug\Exceptions->errorHandler(2, 'Undefined array key "hargasatuan"', 'D:\\XAMPP\\htdocs\\1BIS\\app\\Views\\layouts\\Users\\index.php', 35)
 2 SYSTEMPATH\View\View.php(213): include('D:\\XAMPP\\htdocs\\1BIS\\app\\Views\\layouts\\Users\\index.php')
 3 SYSTEMPATH\View\View.php(216): CodeIgniter\View\View->CodeIgniter\View\{closure}()
 4 SYSTEMPATH\Common.php(1184): CodeIgniter\View\View->render('Views/layouts/users/index', [], true)
 5 APPPATH\Controllers\Order.php(42): view('Views/layouts/users/index', [...])
 6 SYSTEMPATH\CodeIgniter.php(934): App\Controllers\Order->index()
 7 SYSTEMPATH\CodeIgniter.php(499): CodeIgniter\CodeIgniter->runController(Object(App\Controllers\Order))
 8 SYSTEMPATH\CodeIgniter.php(368): CodeIgniter\CodeIgniter->handleRequest(null, Object(Config\Cache), false)
 9 FCPATH\index.php(67): CodeIgniter\CodeIgniter->run()
10 SYSTEMPATH\Commands\Server\rewrite.php(47): require_once('D:\\XAMPP\\htdocs\\1BIS\\public\\index.php')
CRITICAL - 2023-08-06 02:58:33 --> Undefined array key "hargasatuan"
in APPPATH\Views\layouts\Users\index.php on line 35.
 1 APPPATH\Views\layouts\Users\index.php(35): CodeIgniter\Debug\Exceptions->errorHandler(2, 'Undefined array key "hargasatuan"', 'D:\\XAMPP\\htdocs\\1BIS\\app\\Views\\layouts\\Users\\index.php', 35)
 2 SYSTEMPATH\View\View.php(213): include('D:\\XAMPP\\htdocs\\1BIS\\app\\Views\\layouts\\Users\\index.php')
 3 SYSTEMPATH\View\View.php(216): CodeIgniter\View\View->CodeIgniter\View\{closure}()
 4 SYSTEMPATH\Common.php(1184): CodeIgniter\View\View->render('Views/layouts/users/index', [], true)
 5 APPPATH\Controllers\Order.php(42): view('Views/layouts/users/index', [...])
 6 SYSTEMPATH\CodeIgniter.php(934): App\Controllers\Order->index()
 7 SYSTEMPATH\CodeIgniter.php(499): CodeIgniter\CodeIgniter->runController(Object(App\Controllers\Order))
 8 SYSTEMPATH\CodeIgniter.php(368): CodeIgniter\CodeIgniter->handleRequest(null, Object(Config\Cache), false)
 9 FCPATH\index.php(67): CodeIgniter\CodeIgniter->run()
10 SYSTEMPATH\Commands\Server\rewrite.php(47): require_once('D:\\XAMPP\\htdocs\\1BIS\\public\\index.php')
CRITICAL - 2023-08-06 03:02:44 --> Undefined array key "hargasatuan"
in APPPATH\Views\layouts\Users\index.php on line 35.
 1 APPPATH\Views\layouts\Users\index.php(35): CodeIgniter\Debug\Exceptions->errorHandler(2, 'Undefined array key "hargasatuan"', 'D:\\XAMPP\\htdocs\\1BIS\\app\\Views\\layouts\\Users\\index.php', 35)
 2 SYSTEMPATH\View\View.php(213): include('D:\\XAMPP\\htdocs\\1BIS\\app\\Views\\layouts\\Users\\index.php')
 3 SYSTEMPATH\View\View.php(216): CodeIgniter\View\View->CodeIgniter\View\{closure}()
 4 SYSTEMPATH\Common.php(1184): CodeIgniter\View\View->render('Views/layouts/users/index', [], true)
 5 APPPATH\Controllers\Order.php(42): view('Views/layouts/users/index', [...])
 6 SYSTEMPATH\CodeIgniter.php(934): App\Controllers\Order->index()
 7 SYSTEMPATH\CodeIgniter.php(499): CodeIgniter\CodeIgniter->runController(Object(App\Controllers\Order))
 8 SYSTEMPATH\CodeIgniter.php(368): CodeIgniter\CodeIgniter->handleRequest(null, Object(Config\Cache), false)
 9 FCPATH\index.php(67): CodeIgniter\CodeIgniter->run()
10 SYSTEMPATH\Commands\Server\rewrite.php(47): require_once('D:\\XAMPP\\htdocs\\1BIS\\public\\index.php')
CRITICAL - 2023-08-06 03:07:18 --> Undefined array key "hargasatuan"
in APPPATH\Views\layouts\Users\index.php on line 35.
 1 APPPATH\Views\layouts\Users\index.php(35): CodeIgniter\Debug\Exceptions->errorHandler(2, 'Undefined array key "hargasatuan"', 'D:\\XAMPP\\htdocs\\1BIS\\app\\Views\\layouts\\Users\\index.php', 35)
 2 SYSTEMPATH\View\View.php(213): include('D:\\XAMPP\\htdocs\\1BIS\\app\\Views\\layouts\\Users\\index.php')
 3 SYSTEMPATH\View\View.php(216): CodeIgniter\View\View->CodeIgniter\View\{closure}()
 4 SYSTEMPATH\Common.php(1184): CodeIgniter\View\View->render('Views/layouts/users/index', [], true)
 5 APPPATH\Controllers\Order.php(42): view('Views/layouts/users/index', [...])
 6 SYSTEMPATH\CodeIgniter.php(934): App\Controllers\Order->index()
 7 SYSTEMPATH\CodeIgniter.php(499): CodeIgniter\CodeIgniter->runController(Object(App\Controllers\Order))
 8 SYSTEMPATH\CodeIgniter.php(368): CodeIgniter\CodeIgniter->handleRequest(null, Object(Config\Cache), false)
 9 FCPATH\index.php(67): CodeIgniter\CodeIgniter->run()
10 SYSTEMPATH\Commands\Server\rewrite.php(47): require_once('D:\\XAMPP\\htdocs\\1BIS\\public\\index.php')
CRITICAL - 2023-08-06 03:09:15 --> Undefined array key "hargasatuan"
in APPPATH\Views\layouts\Users\index.php on line 33.
 1 APPPATH\Views\layouts\Users\index.php(33): CodeIgniter\Debug\Exceptions->errorHandler(2, 'Undefined array key "hargasatuan"', 'D:\\XAMPP\\htdocs\\1BIS\\app\\Views\\layouts\\Users\\index.php', 33)
 2 SYSTEMPATH\View\View.php(213): include('D:\\XAMPP\\htdocs\\1BIS\\app\\Views\\layouts\\Users\\index.php')
 3 SYSTEMPATH\View\View.php(216): CodeIgniter\View\View->CodeIgniter\View\{closure}()
 4 SYSTEMPATH\Common.php(1184): CodeIgniter\View\View->render('Views/layouts/users/index', [], true)
 5 APPPATH\Controllers\Order.php(39): view('Views/layouts/users/index', [...])
 6 SYSTEMPATH\CodeIgniter.php(934): App\Controllers\Order->index()
 7 SYSTEMPATH\CodeIgniter.php(499): CodeIgniter\CodeIgniter->runController(Object(App\Controllers\Order))
 8 SYSTEMPATH\CodeIgniter.php(368): CodeIgniter\CodeIgniter->handleRequest(null, Object(Config\Cache), false)
 9 FCPATH\index.php(67): CodeIgniter\CodeIgniter->run()
10 SYSTEMPATH\Commands\Server\rewrite.php(47): require_once('D:\\XAMPP\\htdocs\\1BIS\\public\\index.php')
CRITICAL - 2023-08-06 03:09:21 --> Undefined array key "hargasatuan"
in APPPATH\Views\layouts\Users\index.php on line 33.
 1 APPPATH\Views\layouts\Users\index.php(33): CodeIgniter\Debug\Exceptions->errorHandler(2, 'Undefined array key "hargasatuan"', 'D:\\XAMPP\\htdocs\\1BIS\\app\\Views\\layouts\\Users\\index.php', 33)
 2 SYSTEMPATH\View\View.php(213): include('D:\\XAMPP\\htdocs\\1BIS\\app\\Views\\layouts\\Users\\index.php')
 3 SYSTEMPATH\View\View.php(216): CodeIgniter\View\View->CodeIgniter\View\{closure}()
 4 SYSTEMPATH\Common.php(1184): CodeIgniter\View\View->render('Views/layouts/users/index', [], true)
 5 APPPATH\Controllers\Order.php(39): view('Views/layouts/users/index', [...])
 6 SYSTEMPATH\CodeIgniter.php(934): App\Controllers\Order->index()
 7 SYSTEMPATH\CodeIgniter.php(499): CodeIgniter\CodeIgniter->runController(Object(App\Controllers\Order))
 8 SYSTEMPATH\CodeIgniter.php(368): CodeIgniter\CodeIgniter->handleRequest(null, Object(Config\Cache), false)
 9 FCPATH\index.php(67): CodeIgniter\CodeIgniter->run()
10 SYSTEMPATH\Commands\Server\rewrite.php(47): require_once('D:\\XAMPP\\htdocs\\1BIS\\public\\index.php')
CRITICAL - 2023-08-06 03:09:54 --> Undefined array key "id"
in APPPATH\Views\layouts\Users\index.php on line 34.
 1 APPPATH\Views\layouts\Users\index.php(34): CodeIgniter\Debug\Exceptions->errorHandler(2, 'Undefined array key "id"', 'D:\\XAMPP\\htdocs\\1BIS\\app\\Views\\layouts\\Users\\index.php', 34)
 2 SYSTEMPATH\View\View.php(213): include('D:\\XAMPP\\htdocs\\1BIS\\app\\Views\\layouts\\Users\\index.php')
 3 SYSTEMPATH\View\View.php(216): CodeIgniter\View\View->CodeIgniter\View\{closure}()
 4 SYSTEMPATH\Common.php(1184): CodeIgniter\View\View->render('Views/layouts/users/index', [], true)
 5 APPPATH\Controllers\Order.php(39): view('Views/layouts/users/index', [...])
 6 SYSTEMPATH\CodeIgniter.php(934): App\Controllers\Order->index()
 7 SYSTEMPATH\CodeIgniter.php(499): CodeIgniter\CodeIgniter->runController(Object(App\Controllers\Order))
 8 SYSTEMPATH\CodeIgniter.php(368): CodeIgniter\CodeIgniter->handleRequest(null, Object(Config\Cache), false)
 9 FCPATH\index.php(67): CodeIgniter\CodeIgniter->run()
10 SYSTEMPATH\Commands\Server\rewrite.php(47): require_once('D:\\XAMPP\\htdocs\\1BIS\\public\\index.php')
CRITICAL - 2023-08-06 03:09:55 --> Undefined array key "id"
in APPPATH\Views\layouts\Users\index.php on line 34.
 1 APPPATH\Views\layouts\Users\index.php(34): CodeIgniter\Debug\Exceptions->errorHandler(2, 'Undefined array key "id"', 'D:\\XAMPP\\htdocs\\1BIS\\app\\Views\\layouts\\Users\\index.php', 34)
 2 SYSTEMPATH\View\View.php(213): include('D:\\XAMPP\\htdocs\\1BIS\\app\\Views\\layouts\\Users\\index.php')
 3 SYSTEMPATH\View\View.php(216): CodeIgniter\View\View->CodeIgniter\View\{closure}()
 4 SYSTEMPATH\Common.php(1184): CodeIgniter\View\View->render('Views/layouts/users/index', [], true)
 5 APPPATH\Controllers\Order.php(39): view('Views/layouts/users/index', [...])
 6 SYSTEMPATH\CodeIgniter.php(934): App\Controllers\Order->index()
 7 SYSTEMPATH\CodeIgniter.php(499): CodeIgniter\CodeIgniter->runController(Object(App\Controllers\Order))
 8 SYSTEMPATH\CodeIgniter.php(368): CodeIgniter\CodeIgniter->handleRequest(null, Object(Config\Cache), false)
 9 FCPATH\index.php(67): CodeIgniter\CodeIgniter->run()
10 SYSTEMPATH\Commands\Server\rewrite.php(47): require_once('D:\\XAMPP\\htdocs\\1BIS\\public\\index.php')
CRITICAL - 2023-08-06 03:15:21 --> Undefined array key "id"
in APPPATH\Views\layouts\Users\index.php on line 34.
 1 APPPATH\Views\layouts\Users\index.php(34): CodeIgniter\Debug\Exceptions->errorHandler(2, 'Undefined array key "id"', 'D:\\XAMPP\\htdocs\\1BIS\\app\\Views\\layouts\\Users\\index.php', 34)
 2 SYSTEMPATH\View\View.php(213): include('D:\\XAMPP\\htdocs\\1BIS\\app\\Views\\layouts\\Users\\index.php')
 3 SYSTEMPATH\View\View.php(216): CodeIgniter\View\View->CodeIgniter\View\{closure}()
 4 SYSTEMPATH\Common.php(1184): CodeIgniter\View\View->render('Views/layouts/users/index', [], true)
 5 APPPATH\Controllers\Order.php(39): view('Views/layouts/users/index', [...])
 6 SYSTEMPATH\CodeIgniter.php(934): App\Controllers\Order->index()
 7 SYSTEMPATH\CodeIgniter.php(499): CodeIgniter\CodeIgniter->runController(Object(App\Controllers\Order))
 8 SYSTEMPATH\CodeIgniter.php(368): CodeIgniter\CodeIgniter->handleRequest(null, Object(Config\Cache), false)
 9 FCPATH\index.php(67): CodeIgniter\CodeIgniter->run()
10 SYSTEMPATH\Commands\Server\rewrite.php(47): require_once('D:\\XAMPP\\htdocs\\1BIS\\public\\index.php')
ERROR - 2023-08-06 03:29:34 --> Error connecting to the database: mysqli_sql_exception: Unknown database 'bis_pesananbaranghpi' in D:\XAMPP\htdocs\1BIS\system\Database\MySQLi\Connection.php:173
Stack trace:
#0 D:\XAMPP\htdocs\1BIS\system\Database\MySQLi\Connection.php(173): mysqli->real_connect('localhost', 'root', Object(SensitiveParameterValue), 'bis_pesananbara...', NULL, '', 0)
#1 D:\XAMPP\htdocs\1BIS\system\Database\BaseConnection.php(391): CodeIgniter\Database\MySQLi\Connection->connect(false)
#2 D:\XAMPP\htdocs\1BIS\system\Database\BaseConnection.php(574): CodeIgniter\Database\BaseConnection->initialize()
#3 D:\XAMPP\htdocs\1BIS\system\Database\BaseConnection.php(1409): CodeIgniter\Database\BaseConnection->query('SHOW TABLES FRO...')
#4 D:\XAMPP\htdocs\1BIS\system\Database\BaseConnection.php(1428): CodeIgniter\Database\BaseConnection->listTables()
#5 D:\XAMPP\htdocs\1BIS\system\Database\MigrationRunner.php(768): CodeIgniter\Database\BaseConnection->tableExists('migrations')
#6 D:\XAMPP\htdocs\1BIS\system\Database\MigrationRunner.php(168): CodeIgniter\Database\MigrationRunner->ensureTable()
#7 D:\XAMPP\htdocs\1BIS\system\Commands\Database\Migrate.php(84): CodeIgniter\Database\MigrationRunner->latest(NULL)
#8 D:\XAMPP\htdocs\1BIS\system\CLI\Commands.php(65): CodeIgniter\Commands\Database\Migrate->run(Array)
#9 D:\XAMPP\htdocs\1BIS\system\CLI\Console.php(37): CodeIgniter\CLI\Commands->run('migrate', Array)
#10 D:\XAMPP\htdocs\1BIS\spark(97): CodeIgniter\CLI\Console->run()
#11 {main}

Next CodeIgniter\Database\Exceptions\DatabaseException: Unknown database 'bis_pesananbaranghpi' in D:\XAMPP\htdocs\1BIS\system\Database\MySQLi\Connection.php:218
Stack trace:
#0 D:\XAMPP\htdocs\1BIS\system\Database\BaseConnection.php(391): CodeIgniter\Database\MySQLi\Connection->connect(false)
#1 D:\XAMPP\htdocs\1BIS\system\Database\BaseConnection.php(574): CodeIgniter\Database\BaseConnection->initialize()
#2 D:\XAMPP\htdocs\1BIS\system\Database\BaseConnection.php(1409): CodeIgniter\Database\BaseConnection->query('SHOW TABLES FRO...')
#3 D:\XAMPP\htdocs\1BIS\system\Database\BaseConnection.php(1428): CodeIgniter\Database\BaseConnection->listTables()
#4 D:\XAMPP\htdocs\1BIS\system\Database\MigrationRunner.php(768): CodeIgniter\Database\BaseConnection->tableExists('migrations')
#5 D:\XAMPP\htdocs\1BIS\system\Database\MigrationRunner.php(168): CodeIgniter\Database\MigrationRunner->ensureTable()
#6 D:\XAMPP\htdocs\1BIS\system\Commands\Database\Migrate.php(84): CodeIgniter\Database\MigrationRunner->latest(NULL)
#7 D:\XAMPP\htdocs\1BIS\system\CLI\Commands.php(65): CodeIgniter\Commands\Database\Migrate->run(Array)
#8 D:\XAMPP\htdocs\1BIS\system\CLI\Console.php(37): CodeIgniter\CLI\Commands->run('migrate', Array)
#9 D:\XAMPP\htdocs\1BIS\spark(97): CodeIgniter\CLI\Console->run()
#10 {main}
CRITICAL - 2023-08-06 08:45:43 --> Undefined property: App\Controllers\Order::$session
in APPPATH\Controllers\Order.php on line 56.
 1 APPPATH\Controllers\Order.php(56): CodeIgniter\Debug\Exceptions->errorHandler(2, 'Undefined property: App\\Controllers\\Order::$session', 'D:\\XAMPP\\htdocs\\1BIS\\app\\Controllers\\Order.php', 56)
 2 SYSTEMPATH\CodeIgniter.php(934): App\Controllers\Order->create()
 3 SYSTEMPATH\CodeIgniter.php(499): CodeIgniter\CodeIgniter->runController(Object(App\Controllers\Order))
 4 SYSTEMPATH\CodeIgniter.php(368): CodeIgniter\CodeIgniter->handleRequest(null, Object(Config\Cache), false)
 5 FCPATH\index.php(67): CodeIgniter\CodeIgniter->run()
 6 SYSTEMPATH\Commands\Server\rewrite.php(47): require_once('D:\\XAMPP\\htdocs\\1BIS\\public\\index.php')
CRITICAL - 2023-08-06 09:01:35 --> Undefined array key "jumlahharga"
in APPPATH\Views\layouts\Users\index.php on line 36.
 1 APPPATH\Views\layouts\Users\index.php(36): CodeIgniter\Debug\Exceptions->errorHandler(2, 'Undefined array key "jumlahharga"', 'D:\\XAMPP\\htdocs\\1BIS\\app\\Views\\layouts\\Users\\index.php', 36)
 2 SYSTEMPATH\View\View.php(213): include('D:\\XAMPP\\htdocs\\1BIS\\app\\Views\\layouts\\Users\\index.php')
 3 SYSTEMPATH\View\View.php(216): CodeIgniter\View\View->CodeIgniter\View\{closure}()
 4 SYSTEMPATH\Common.php(1184): CodeIgniter\View\View->render('Views/layouts/users/index', [], true)
 5 APPPATH\Controllers\Order.php(26): view('Views/layouts/users/index', [...])
 6 SYSTEMPATH\CodeIgniter.php(934): App\Controllers\Order->index()
 7 SYSTEMPATH\CodeIgniter.php(499): CodeIgniter\CodeIgniter->runController(Object(App\Controllers\Order))
 8 SYSTEMPATH\CodeIgniter.php(368): CodeIgniter\CodeIgniter->handleRequest(null, Object(Config\Cache), false)
 9 FCPATH\index.php(67): CodeIgniter\CodeIgniter->run()
10 SYSTEMPATH\Commands\Server\rewrite.php(47): require_once('D:\\XAMPP\\htdocs\\1BIS\\public\\index.php')
CRITICAL - 2023-08-06 09:47:03 --> Undefined variable $pager
in APPPATH\Views\layouts\Users\index.php on line 53.
 1 APPPATH\Views\layouts\Users\index.php(53): CodeIgniter\Debug\Exceptions->errorHandler(2, 'Undefined variable $pager', 'D:\\XAMPP\\htdocs\\1BIS\\app\\Views\\layouts\\Users\\index.php', 53)
 2 SYSTEMPATH\View\View.php(213): include('D:\\XAMPP\\htdocs\\1BIS\\app\\Views\\layouts\\Users\\index.php')
 3 SYSTEMPATH\View\View.php(216): CodeIgniter\View\View->CodeIgniter\View\{closure}()
 4 SYSTEMPATH\Common.php(1184): CodeIgniter\View\View->render('Views/layouts/users/index', [], true)
 5 APPPATH\Controllers\Order.php(27): view('Views/layouts/users/index', [...])
 6 SYSTEMPATH\CodeIgniter.php(934): App\Controllers\Order->index()
 7 SYSTEMPATH\CodeIgniter.php(499): CodeIgniter\CodeIgniter->runController(Object(App\Controllers\Order))
 8 SYSTEMPATH\CodeIgniter.php(368): CodeIgniter\CodeIgniter->handleRequest(null, Object(Config\Cache), false)
 9 FCPATH\index.php(67): CodeIgniter\CodeIgniter->run()
10 SYSTEMPATH\Commands\Server\rewrite.php(47): require_once('D:\\XAMPP\\htdocs\\1BIS\\public\\index.php')
CRITICAL - 2023-08-06 09:50:28 --> Undefined variable $pager
in APPPATH\Views\layouts\Users\index.php on line 53.
 1 APPPATH\Views\layouts\Users\index.php(53): CodeIgniter\Debug\Exceptions->errorHandler(2, 'Undefined variable $pager', 'D:\\XAMPP\\htdocs\\1BIS\\app\\Views\\layouts\\Users\\index.php', 53)
 2 SYSTEMPATH\View\View.php(213): include('D:\\XAMPP\\htdocs\\1BIS\\app\\Views\\layouts\\Users\\index.php')
 3 SYSTEMPATH\View\View.php(216): CodeIgniter\View\View->CodeIgniter\View\{closure}()
 4 SYSTEMPATH\Common.php(1184): CodeIgniter\View\View->render('Views/layouts/users/index', [], true)
 5 APPPATH\Controllers\Order.php(27): view('Views/layouts/users/index', [...])
 6 SYSTEMPATH\CodeIgniter.php(934): App\Controllers\Order->index()
 7 SYSTEMPATH\CodeIgniter.php(499): CodeIgniter\CodeIgniter->runController(Object(App\Controllers\Order))
 8 SYSTEMPATH\CodeIgniter.php(368): CodeIgniter\CodeIgniter->handleRequest(null, Object(Config\Cache), false)
 9 FCPATH\index.php(67): CodeIgniter\CodeIgniter->run()
10 SYSTEMPATH\Commands\Server\rewrite.php(47): require_once('D:\\XAMPP\\htdocs\\1BIS\\public\\index.php')
CRITICAL - 2023-08-06 09:51:50 --> syntax error, unexpected double-quoted string "pager", expecting "]"
in APPPATH\Controllers\Order.php on line 25.
 1 SYSTEMPATH\Autoloader\Autoloader.php(289): CodeIgniter\Autoloader\Autoloader->includeFile('D:\\XAMPP\\htdocs\\1BIS\\app\\Controllers\\Order.php')
 2 SYSTEMPATH\Autoloader\Autoloader.php(267): CodeIgniter\Autoloader\Autoloader->loadInNamespace('App\\Controllers\\Order')
 3 [internal function]: CodeIgniter\Autoloader\Autoloader->loadClass('App\\Controllers\\Order')
 4 SYSTEMPATH\CodeIgniter.php(892): class_exists('\\App\\Controllers\\Order', true)
 5 SYSTEMPATH\CodeIgniter.php(486): CodeIgniter\CodeIgniter->startController()
 6 SYSTEMPATH\CodeIgniter.php(368): CodeIgniter\CodeIgniter->handleRequest(null, Object(Config\Cache), false)
 7 FCPATH\index.php(67): CodeIgniter\CodeIgniter->run()
 8 SYSTEMPATH\Commands\Server\rewrite.php(47): require_once('D:\\XAMPP\\htdocs\\1BIS\\public\\index.php')
CRITICAL - 2023-08-06 12:58:26 --> Class "App\Controllers\AdminModel" not found
in APPPATH\Controllers\Admin.php on line 10.
 1 SYSTEMPATH\CodeIgniter.php(906): App\Controllers\Admin->__construct()
 2 SYSTEMPATH\CodeIgniter.php(490): CodeIgniter\CodeIgniter->createController()
 3 SYSTEMPATH\CodeIgniter.php(368): CodeIgniter\CodeIgniter->handleRequest(null, Object(Config\Cache), false)
 4 FCPATH\index.php(67): CodeIgniter\CodeIgniter->run()
 5 SYSTEMPATH\Commands\Server\rewrite.php(47): require_once('D:\\XAMPP\\htdocs\\1BIS\\public\\index.php')
CRITICAL - 2023-08-06 13:09:29 --> Class "App\Controllers\AdminModel" not found
in APPPATH\Controllers\Admin.php on line 10.
 1 SYSTEMPATH\CodeIgniter.php(906): App\Controllers\Admin->__construct()
 2 SYSTEMPATH\CodeIgniter.php(490): CodeIgniter\CodeIgniter->createController()
 3 SYSTEMPATH\CodeIgniter.php(368): CodeIgniter\CodeIgniter->handleRequest(null, Object(Config\Cache), false)
 4 FCPATH\index.php(67): CodeIgniter\CodeIgniter->run()
 5 SYSTEMPATH\Commands\Server\rewrite.php(47): require_once('D:\\XAMPP\\htdocs\\1BIS\\public\\index.php')
CRITICAL - 2023-08-06 13:09:55 --> Class "App\Controllers\AdminModel" not found
in APPPATH\Controllers\Admin.php on line 10.
 1 SYSTEMPATH\CodeIgniter.php(906): App\Controllers\Admin->__construct()
 2 SYSTEMPATH\CodeIgniter.php(490): CodeIgniter\CodeIgniter->createController()
 3 SYSTEMPATH\CodeIgniter.php(368): CodeIgniter\CodeIgniter->handleRequest(null, Object(Config\Cache), false)
 4 FCPATH\index.php(67): CodeIgniter\CodeIgniter->run()
 5 SYSTEMPATH\Commands\Server\rewrite.php(47): require_once('D:\\XAMPP\\htdocs\\1BIS\\public\\index.php')
CRITICAL - 2023-08-06 14:37:34 --> Invalid file: "layouts/user/layouts/base.php"
in SYSTEMPATH\Exceptions\FrameworkException.php on line 33.
 1 SYSTEMPATH\View\View.php(201): CodeIgniter\Exceptions\FrameworkException::forInvalidFile('layouts/user/layouts/base.php')
 2 SYSTEMPATH\View\View.php(229): CodeIgniter\View\View->render('layouts/user/layouts/base', [], true)
 3 SYSTEMPATH\Common.php(1184): CodeIgniter\View\View->render('Views/layouts/admin/index', [], true)
 4 APPPATH\Controllers\Admin.php(35): view('Views/layouts/admin/index', [...])
 5 SYSTEMPATH\CodeIgniter.php(934): App\Controllers\Admin->index()
 6 SYSTEMPATH\CodeIgniter.php(499): CodeIgniter\CodeIgniter->runController(Object(App\Controllers\Admin))
 7 SYSTEMPATH\CodeIgniter.php(368): CodeIgniter\CodeIgniter->handleRequest(null, Object(Config\Cache), false)
 8 FCPATH\index.php(67): CodeIgniter\CodeIgniter->run()
 9 SYSTEMPATH\Commands\Server\rewrite.php(47): require_once('D:\\XAMPP\\htdocs\\1BIS\\public\\index.php')
CRITICAL - 2023-08-06 14:37:59 --> Invalid file: "layouts/user/layouts/base.php"
in SYSTEMPATH\Exceptions\FrameworkException.php on line 33.
 1 SYSTEMPATH\View\View.php(201): CodeIgniter\Exceptions\FrameworkException::forInvalidFile('layouts/user/layouts/base.php')
 2 SYSTEMPATH\View\View.php(229): CodeIgniter\View\View->render('layouts/user/layouts/base', [], true)
 3 SYSTEMPATH\Common.php(1184): CodeIgniter\View\View->render('Views/layouts/admin/index', [], true)
 4 APPPATH\Controllers\Admin.php(35): view('Views/layouts/admin/index', [...])
 5 SYSTEMPATH\CodeIgniter.php(934): App\Controllers\Admin->index()
 6 SYSTEMPATH\CodeIgniter.php(499): CodeIgniter\CodeIgniter->runController(Object(App\Controllers\Admin))
 7 SYSTEMPATH\CodeIgniter.php(368): CodeIgniter\CodeIgniter->handleRequest(null, Object(Config\Cache), false)
 8 FCPATH\index.php(67): CodeIgniter\CodeIgniter->run()
 9 SYSTEMPATH\Commands\Server\rewrite.php(47): require_once('D:\\XAMPP\\htdocs\\1BIS\\public\\index.php')
CRITICAL - 2023-08-06 14:38:11 --> Invalid file: "layouts/user/layouts/base.php"
in SYSTEMPATH\Exceptions\FrameworkException.php on line 33.
 1 SYSTEMPATH\View\View.php(201): CodeIgniter\Exceptions\FrameworkException::forInvalidFile('layouts/user/layouts/base.php')
 2 SYSTEMPATH\View\View.php(229): CodeIgniter\View\View->render('layouts/user/layouts/base', [], true)
 3 SYSTEMPATH\Common.php(1184): CodeIgniter\View\View->render('Views/layouts/admin/index', [], true)
 4 APPPATH\Controllers\Admin.php(35): view('Views/layouts/admin/index', [...])
 5 SYSTEMPATH\CodeIgniter.php(934): App\Controllers\Admin->index()
 6 SYSTEMPATH\CodeIgniter.php(499): CodeIgniter\CodeIgniter->runController(Object(App\Controllers\Admin))
 7 SYSTEMPATH\CodeIgniter.php(368): CodeIgniter\CodeIgniter->handleRequest(null, Object(Config\Cache), false)
 8 FCPATH\index.php(67): CodeIgniter\CodeIgniter->run()
 9 SYSTEMPATH\Commands\Server\rewrite.php(47): require_once('D:\\XAMPP\\htdocs\\1BIS\\public\\index.php')
